<?xml version="1.0" encoding="UTF-8" ?>
<testsuite errors="0" failures="0" hostname="caelum144-15" name="br.com.caelum.agiletickets.models.EspetaculoTest" tests="2" time="2.091" timestamp="2012-08-17T01:13:27">
  <properties>
[...]
</properties>
  <testcase classname="br.com.caelum.agiletickets.models.EspetaculoTest" name="deveCriarNumeroDeSessoesCorretasParaPeriodoDiario" time="1.833" />
  <testcase classname="br.com.caelum.agiletickets.models.EspetaculoTest" name="deveInserirSessoes" time="0.174" />
  <system-out><![CDATA[22:13:27,559  INFO [Version             ] Hibernate Annotations 3.4.0.GA
22:13:27,573  INFO [Environment         ] Hibernate 3.3.2.GA
22:13:27,576  INFO [Environment         ] hibernate.properties not found
22:13:27,580  INFO [Environment         ] Bytecode provider name : javassist
22:13:27,585  INFO [Environment         ] using JDK 1.4 java.sql.Timestamp handling
22:13:27,676  INFO [Version             ] Hibernate Commons Annotations 3.1.0.GA
22:13:27,680  INFO [Version             ] Hibernate EntityManager 3.4.0.GA
22:13:27,976  INFO [AnnotationBinder    ] Binding entity from annotated class: br.com.caelum.agiletickets.models.Estabelecimento
22:13:28,015  INFO [EntityBinder        ] Bind entity br.com.caelum.agiletickets.models.Estabelecimento on table Estabelecimento
22:13:28,056  INFO [AnnotationBinder    ] Binding entity from annotated class: br.com.caelum.agiletickets.models.Sessao
22:13:28,056  INFO [EntityBinder        ] Bind entity br.com.caelum.agiletickets.models.Sessao on table Sessao
22:13:28,078  INFO [AnnotationBinder    ] Binding entity from annotated class: br.com.caelum.agiletickets.models.Sala
22:13:28,079  INFO [EntityBinder        ] Bind entity br.com.caelum.agiletickets.models.Sala on table Sala
22:13:28,079  INFO [AnnotationBinder    ] Binding entity from annotated class: br.com.caelum.agiletickets.models.Reserva
22:13:28,080  INFO [EntityBinder        ] Bind entity br.com.caelum.agiletickets.models.Reserva on table Reserva
22:13:28,081  INFO [AnnotationBinder    ] Binding entity from annotated class: br.com.caelum.agiletickets.models.Espetaculo
22:13:28,081  INFO [EntityBinder        ] Bind entity br.com.caelum.agiletickets.models.Espetaculo on table Espetaculo
22:13:28,181  INFO [CollectionBinder    ] Mapping collection: br.com.caelum.agiletickets.models.Espetaculo.sessoes -> Sessao
22:13:28,188  INFO [Version             ] Hibernate Validator 3.1.0.GA
22:13:28,240  INFO [HibernateSearchEventListenerRegister] Unable to find org.hibernate.search.event.FullTextIndexEventListener on the classpath. Hibernate Search is not enabled.
22:13:28,256  INFO [DriverManagerConnectionProvider] Using Hibernate built-in connection pool (not for production use!)
22:13:28,257  INFO [DriverManagerConnectionProvider] Hibernate connection pool size: 5
22:13:28,257  INFO [DriverManagerConnectionProvider] autocommit mode: true
22:13:28,285  INFO [DriverManagerConnectionProvider] using driver: com.mysql.jdbc.Driver at URL: jdbc:mysql://localhost/agiletickets
22:13:28,285  INFO [DriverManagerConnectionProvider] connection properties: {user=root, password=****, autocommit=true, release_mode=auto}
22:13:28,634  INFO [SettingsFactory     ] RDBMS: MySQL, version: 5.5.22-0ubuntu1
22:13:28,635  INFO [SettingsFactory     ] JDBC driver: MySQL-AB JDBC Driver, version: mysql-connector-java-5.1.13 ( Revision: ${bzr.revision-id} )
22:13:28,661  INFO [Dialect             ] Using dialect: org.hibernate.dialect.MySQL5InnoDBDialect
22:13:28,666  INFO [TransactionFactoryFactory] Transaction strategy: org.hibernate.transaction.JDBCTransactionFactory
22:13:28,667  INFO [TransactionManagerLookupFactory] No TransactionManagerLookup configured (in JTA environment, use of read-write or transactional second-level cache is not recommended)
22:13:28,667  INFO [SettingsFactory     ] Automatic flush during beforeCompletion(): disabled
22:13:28,668  INFO [SettingsFactory     ] Automatic session close at end of transaction: disabled
22:13:28,668  INFO [SettingsFactory     ] JDBC batch size: 15
22:13:28,668  INFO [SettingsFactory     ] JDBC batch updates for versioned data: disabled
22:13:28,668  INFO [SettingsFactory     ] Scrollable result sets: enabled
22:13:28,669  INFO [SettingsFactory     ] JDBC3 getGeneratedKeys(): enabled
22:13:28,669  INFO [SettingsFactory     ] Connection release mode: auto
22:13:28,669  INFO [SettingsFactory     ] Maximum outer join fetch depth: 2
22:13:28,669  INFO [SettingsFactory     ] Default batch fetch size: 1
22:13:28,669  INFO [SettingsFactory     ] Generate SQL with comments: disabled
22:13:28,670  INFO [SettingsFactory     ] Order SQL updates by primary key: disabled
22:13:28,670  INFO [SettingsFactory     ] Order SQL inserts for batching: disabled
22:13:28,670  INFO [SettingsFactory     ] Query translator: org.hibernate.hql.ast.ASTQueryTranslatorFactory
22:13:28,672  INFO [ASTQueryTranslatorFactory] Using ASTQueryTranslatorFactory
22:13:28,672  INFO [SettingsFactory     ] Query language substitutions: {}
22:13:28,672  INFO [SettingsFactory     ] JPA-QL strict compliance: enabled
22:13:28,672  INFO [SettingsFactory     ] Second-level cache: enabled
22:13:28,672  INFO [SettingsFactory     ] Query cache: disabled
22:13:28,672  INFO [SettingsFactory     ] Cache region factory : org.hibernate.cache.impl.NoCachingRegionFactory
22:13:28,672  INFO [SettingsFactory     ] Optimize cache for minimal puts: disabled
22:13:28,672  INFO [SettingsFactory     ] Structured second-level cache entries: disabled
22:13:28,676  INFO [SettingsFactory     ] Echoing all SQL to stdout
22:13:28,677  INFO [SettingsFactory     ] Statistics: disabled
22:13:28,677  INFO [SettingsFactory     ] Deleted entity synthetic identifier rollback: disabled
22:13:28,677  INFO [SettingsFactory     ] Default entity-mode: pojo
22:13:28,677  INFO [SettingsFactory     ] Named query checking : enabled
22:13:28,725  INFO [SessionFactoryImpl  ] building session factory
22:13:28,921  INFO [SessionFactoryObjectFactory] Not binding factory to JNDI, no JNDI name configured
22:13:28,928  INFO [SchemaUpdate        ] Running hbm2ddl schema update
22:13:28,928  INFO [SchemaUpdate        ] fetching database metadata
22:13:28,929  INFO [SchemaUpdate        ] updating schema
22:13:28,956  INFO [TableMetadata       ] table found: agiletickets.Espetaculo
22:13:28,956  INFO [TableMetadata       ] columns: [id, estabelecimento_id, tipo, nome, descricao]
22:13:28,956  INFO [TableMetadata       ] foreign keys: [fk8f5a32659f933a93]
22:13:28,956  INFO [TableMetadata       ] indexes: [fk8f5a32659f933a93, primary]
22:13:28,967  INFO [TableMetadata       ] table found: agiletickets.Estabelecimento
22:13:28,967  INFO [TableMetadata       ] columns: [id, nome, endereco]
22:13:28,967  INFO [TableMetadata       ] foreign keys: []
22:13:28,967  INFO [TableMetadata       ] indexes: [primary]
22:13:28,975  INFO [TableMetadata       ] table found: agiletickets.Reserva
22:13:28,975  INFO [TableMetadata       ] columns: [id, cadeira, espetaculo_id]
22:13:28,975  INFO [TableMetadata       ] foreign keys: [fka49ca4988c0556a1]
22:13:28,975  INFO [TableMetadata       ] indexes: [fka49ca4988c0556a1, primary]
22:13:28,981  INFO [TableMetadata       ] table found: agiletickets.Sala
22:13:28,982  INFO [TableMetadata       ] columns: [id]
22:13:28,982  INFO [TableMetadata       ] foreign keys: []
22:13:28,982  INFO [TableMetadata       ] indexes: [primary]
22:13:28,990  INFO [TableMetadata       ] table found: agiletickets.Sessao
22:13:28,990  INFO [TableMetadata       ] columns: [id, ingressosreservados, inicio, espetaculo_id, duracaoemminutos, totalingressos]
22:13:28,990  INFO [TableMetadata       ] foreign keys: [fk936784008c0556a1]
22:13:28,990  INFO [TableMetadata       ] indexes: [fk936784008c0556a1, primary]
22:13:28,991  INFO [SchemaUpdate        ] schema update complete
Hibernate: 
    insert 
    into
        Estabelecimento
        (endereco, nome) 
    values
        (?, ?)
Hibernate: 
    insert 
    into
        Espetaculo
        (descricao, estabelecimento_id, nome, tipo) 
    values
        (?, ?, ?, ?)
Hibernate: 
    delete 
    from
        Espetaculo 
    where
        id=?
Hibernate: 
    delete 
    from
        Estabelecimento 
    where
        id=?
22:13:29,276  INFO [AnnotationBinder    ] Binding entity from annotated class: br.com.caelum.agiletickets.models.Estabelecimento
22:13:29,276  INFO [EntityBinder        ] Bind entity br.com.caelum.agiletickets.models.Estabelecimento on table Estabelecimento
22:13:29,277  INFO [AnnotationBinder    ] Binding entity from annotated class: br.com.caelum.agiletickets.models.Sessao
22:13:29,278  INFO [EntityBinder        ] Bind entity br.com.caelum.agiletickets.models.Sessao on table Sessao
22:13:29,280  INFO [AnnotationBinder    ] Binding entity from annotated class: br.com.caelum.agiletickets.models.Sala
22:13:29,280  INFO [EntityBinder        ] Bind entity br.com.caelum.agiletickets.models.Sala on table Sala
22:13:29,280  INFO [AnnotationBinder    ] Binding entity from annotated class: br.com.caelum.agiletickets.models.Reserva
22:13:29,281  INFO [EntityBinder        ] Bind entity br.com.caelum.agiletickets.models.Reserva on table Reserva
22:13:29,281  INFO [AnnotationBinder    ] Binding entity from annotated class: br.com.caelum.agiletickets.models.Espetaculo
22:13:29,282  INFO [EntityBinder        ] Bind entity br.com.caelum.agiletickets.models.Espetaculo on table Espetaculo
22:13:29,285  INFO [CollectionBinder    ] Mapping collection: br.com.caelum.agiletickets.models.Espetaculo.sessoes -> Sessao
22:13:29,302  INFO [HibernateSearchEventListenerRegister] Unable to find org.hibernate.search.event.FullTextIndexEventListener on the classpath. Hibernate Search is not enabled.
22:13:29,305  INFO [DriverManagerConnectionProvider] Using Hibernate built-in connection pool (not for production use!)
22:13:29,306  INFO [DriverManagerConnectionProvider] Hibernate connection pool size: 5
22:13:29,306  INFO [DriverManagerConnectionProvider] autocommit mode: true
22:13:29,306  INFO [DriverManagerConnectionProvider] using driver: com.mysql.jdbc.Driver at URL: jdbc:mysql://localhost/agiletickets
22:13:29,306  INFO [DriverManagerConnectionProvider] connection properties: {user=root, password=****, autocommit=true, release_mode=auto}
22:13:29,318  INFO [SettingsFactory     ] RDBMS: MySQL, version: 5.5.22-0ubuntu1
22:13:29,318  INFO [SettingsFactory     ] JDBC driver: MySQL-AB JDBC Driver, version: mysql-connector-java-5.1.13 ( Revision: ${bzr.revision-id} )
22:13:29,318  INFO [Dialect             ] Using dialect: org.hibernate.dialect.MySQL5InnoDBDialect
22:13:29,319  INFO [TransactionFactoryFactory] Transaction strategy: org.hibernate.transaction.JDBCTransactionFactory
22:13:29,319  INFO [TransactionManagerLookupFactory] No TransactionManagerLookup configured (in JTA environment, use of read-write or transactional second-level cache is not recommended)
22:13:29,319  INFO [SettingsFactory     ] Automatic flush during beforeCompletion(): disabled
22:13:29,319  INFO [SettingsFactory     ] Automatic session close at end of transaction: disabled
22:13:29,319  INFO [SettingsFactory     ] JDBC batch size: 15
22:13:29,319  INFO [SettingsFactory     ] JDBC batch updates for versioned data: disabled
22:13:29,319  INFO [SettingsFactory     ] Scrollable result sets: enabled
22:13:29,319  INFO [SettingsFactory     ] JDBC3 getGeneratedKeys(): enabled
22:13:29,319  INFO [SettingsFactory     ] Connection release mode: auto
22:13:29,319  INFO [SettingsFactory     ] Maximum outer join fetch depth: 2
22:13:29,319  INFO [SettingsFactory     ] Default batch fetch size: 1
22:13:29,320  INFO [SettingsFactory     ] Generate SQL with comments: disabled
22:13:29,320  INFO [SettingsFactory     ] Order SQL updates by primary key: disabled
22:13:29,320  INFO [SettingsFactory     ] Order SQL inserts for batching: disabled
22:13:29,320  INFO [SettingsFactory     ] Query translator: org.hibernate.hql.ast.ASTQueryTranslatorFactory
22:13:29,320  INFO [ASTQueryTranslatorFactory] Using ASTQueryTranslatorFactory
22:13:29,320  INFO [SettingsFactory     ] Query language substitutions: {}
22:13:29,320  INFO [SettingsFactory     ] JPA-QL strict compliance: enabled
22:13:29,320  INFO [SettingsFactory     ] Second-level cache: enabled
22:13:29,320  INFO [SettingsFactory     ] Query cache: disabled
22:13:29,320  INFO [SettingsFactory     ] Cache region factory : org.hibernate.cache.impl.NoCachingRegionFactory
22:13:29,320  INFO [SettingsFactory     ] Optimize cache for minimal puts: disabled
22:13:29,320  INFO [SettingsFactory     ] Structured second-level cache entries: disabled
22:13:29,320  INFO [SettingsFactory     ] Echoing all SQL to stdout
22:13:29,320  INFO [SettingsFactory     ] Statistics: disabled
22:13:29,320  INFO [SettingsFactory     ] Deleted entity synthetic identifier rollback: disabled
22:13:29,320  INFO [SettingsFactory     ] Default entity-mode: pojo
22:13:29,320  INFO [SettingsFactory     ] Named query checking : enabled
22:13:29,331  INFO [SessionFactoryImpl  ] building session factory
22:13:29,345  INFO [SessionFactoryObjectFactory] Not binding factory to JNDI, no JNDI name configured
22:13:29,345  INFO [SchemaUpdate        ] Running hbm2ddl schema update
22:13:29,345  INFO [SchemaUpdate        ] fetching database metadata
22:13:29,345  INFO [SchemaUpdate        ] updating schema
22:13:29,354  INFO [TableMetadata       ] table found: agiletickets.Espetaculo
22:13:29,354  INFO [TableMetadata       ] columns: [id, estabelecimento_id, tipo, nome, descricao]
22:13:29,354  INFO [TableMetadata       ] foreign keys: [fk8f5a32659f933a93]
22:13:29,354  INFO [TableMetadata       ] indexes: [fk8f5a32659f933a93, primary]
22:13:29,359  INFO [TableMetadata       ] table found: agiletickets.Estabelecimento
22:13:29,359  INFO [TableMetadata       ] columns: [id, nome, endereco]
22:13:29,359  INFO [TableMetadata       ] foreign keys: []
22:13:29,359  INFO [TableMetadata       ] indexes: [primary]
22:13:29,364  INFO [TableMetadata       ] table found: agiletickets.Reserva
22:13:29,364  INFO [TableMetadata       ] columns: [id, cadeira, espetaculo_id]
22:13:29,364  INFO [TableMetadata       ] foreign keys: [fka49ca4988c0556a1]
22:13:29,364  INFO [TableMetadata       ] indexes: [fka49ca4988c0556a1, primary]
22:13:29,368  INFO [TableMetadata       ] table found: agiletickets.Sala
22:13:29,368  INFO [TableMetadata       ] columns: [id]
22:13:29,368  INFO [TableMetadata       ] foreign keys: []
22:13:29,368  INFO [TableMetadata       ] indexes: [primary]
22:13:29,375  INFO [TableMetadata       ] table found: agiletickets.Sessao
22:13:29,375  INFO [TableMetadata       ] columns: [id, ingressosreservados, inicio, espetaculo_id, duracaoemminutos, totalingressos]
22:13:29,375  INFO [TableMetadata       ] foreign keys: [fk936784008c0556a1]
22:13:29,375  INFO [TableMetadata       ] indexes: [fk936784008c0556a1, primary]
22:13:29,376  INFO [SchemaUpdate        ] schema update complete
Hibernate: 
    insert 
    into
        Estabelecimento
        (endereco, nome) 
    values
        (?, ?)
Hibernate: 
    insert 
    into
        Espetaculo
        (descricao, estabelecimento_id, nome, tipo) 
    values
        (?, ?, ?, ?)
Hibernate: 
    delete 
    from
        Espetaculo 
    where
        id=?
Hibernate: 
    delete 
    from
        Estabelecimento 
    where
        id=?
]]></system-out>
  <system-err><![CDATA[]]></system-err>
</testsuite>
